<?xml version="1.0" encoding="UTF-8"?>
<testsuite xmlns:xsi="http://www.w3.org/2001/XMLSchema-instance" xsi:noNamespaceSchemaLocation="https://maven.apache.org/surefire/maven-surefire-plugin/xsd/surefire-test-report-3.0.xsd" version="3.0" name="com.bit.factor.service.ServiceApplicationTests" time="3.151" tests="1" errors="0" skipped="0" failures="0">
  <properties>
    <property name="java.specification.version" value="17"/>
    <property name="sun.jnu.encoding" value="UTF-8"/>
    <property name="java.class.path" value="/home/dragos/work/sandbox/spring-boot-cucumber/service/target/test-classes:/home/dragos/work/sandbox/spring-boot-cucumber/service/target/classes:/home/dragos/.m2/repository/org/springframework/boot/spring-boot-starter-web/3.2.5/spring-boot-starter-web-3.2.5.jar:/home/dragos/.m2/repository/org/springframework/boot/spring-boot-starter/3.2.5/spring-boot-starter-3.2.5.jar:/home/dragos/.m2/repository/org/springframework/boot/spring-boot-starter-logging/3.2.5/spring-boot-starter-logging-3.2.5.jar:/home/dragos/.m2/repository/ch/qos/logback/logback-classic/1.4.14/logback-classic-1.4.14.jar:/home/dragos/.m2/repository/ch/qos/logback/logback-core/1.4.14/logback-core-1.4.14.jar:/home/dragos/.m2/repository/org/apache/logging/log4j/log4j-to-slf4j/2.21.1/log4j-to-slf4j-2.21.1.jar:/home/dragos/.m2/repository/org/apache/logging/log4j/log4j-api/2.21.1/log4j-api-2.21.1.jar:/home/dragos/.m2/repository/org/slf4j/jul-to-slf4j/2.0.13/jul-to-slf4j-2.0.13.jar:/home/dragos/.m2/repository/jakarta/annotation/jakarta.annotation-api/2.1.1/jakarta.annotation-api-2.1.1.jar:/home/dragos/.m2/repository/org/yaml/snakeyaml/2.2/snakeyaml-2.2.jar:/home/dragos/.m2/repository/org/springframework/boot/spring-boot-starter-json/3.2.5/spring-boot-starter-json-3.2.5.jar:/home/dragos/.m2/repository/com/fasterxml/jackson/datatype/jackson-datatype-jdk8/2.15.4/jackson-datatype-jdk8-2.15.4.jar:/home/dragos/.m2/repository/com/fasterxml/jackson/datatype/jackson-datatype-jsr310/2.15.4/jackson-datatype-jsr310-2.15.4.jar:/home/dragos/.m2/repository/org/springframework/boot/spring-boot-starter-tomcat/3.2.5/spring-boot-starter-tomcat-3.2.5.jar:/home/dragos/.m2/repository/org/apache/tomcat/embed/tomcat-embed-core/10.1.20/tomcat-embed-core-10.1.20.jar:/home/dragos/.m2/repository/org/apache/tomcat/embed/tomcat-embed-el/10.1.20/tomcat-embed-el-10.1.20.jar:/home/dragos/.m2/repository/org/apache/tomcat/embed/tomcat-embed-websocket/10.1.20/tomcat-embed-websocket-10.1.20.jar:/home/dragos/.m2/repository/org/springframework/spring-web/6.1.6/spring-web-6.1.6.jar:/home/dragos/.m2/repository/org/springframework/spring-beans/6.1.6/spring-beans-6.1.6.jar:/home/dragos/.m2/repository/io/micrometer/micrometer-observation/1.12.5/micrometer-observation-1.12.5.jar:/home/dragos/.m2/repository/org/springframework/spring-webmvc/6.1.6/spring-webmvc-6.1.6.jar:/home/dragos/.m2/repository/org/springframework/spring-aop/6.1.6/spring-aop-6.1.6.jar:/home/dragos/.m2/repository/org/springframework/spring-context/6.1.6/spring-context-6.1.6.jar:/home/dragos/.m2/repository/org/springframework/spring-expression/6.1.6/spring-expression-6.1.6.jar:/home/dragos/.m2/repository/org/springframework/cloud/spring-cloud-starter-circuitbreaker-resilience4j/3.1.1/spring-cloud-starter-circuitbreaker-resilience4j-3.1.1.jar:/home/dragos/.m2/repository/org/springframework/cloud/spring-cloud-starter/4.1.2/spring-cloud-starter-4.1.2.jar:/home/dragos/.m2/repository/org/springframework/cloud/spring-cloud-context/4.1.2/spring-cloud-context-4.1.2.jar:/home/dragos/.m2/repository/org/springframework/security/spring-security-crypto/6.2.4/spring-security-crypto-6.2.4.jar:/home/dragos/.m2/repository/org/springframework/cloud/spring-cloud-commons/4.1.2/spring-cloud-commons-4.1.2.jar:/home/dragos/.m2/repository/org/springframework/security/spring-security-rsa/1.1.2/spring-security-rsa-1.1.2.jar:/home/dragos/.m2/repository/org/bouncycastle/bcprov-jdk18on/1.77/bcprov-jdk18on-1.77.jar:/home/dragos/.m2/repository/org/springframework/cloud/spring-cloud-circuitbreaker-resilience4j/3.1.1/spring-cloud-circuitbreaker-resilience4j-3.1.1.jar:/home/dragos/.m2/repository/io/github/resilience4j/resilience4j-spring-boot3/2.1.0/resilience4j-spring-boot3-2.1.0.jar:/home/dragos/.m2/repository/io/github/resilience4j/resilience4j-spring6/2.1.0/resilience4j-spring6-2.1.0.jar:/home/dragos/.m2/repository/io/github/resilience4j/resilience4j-annotations/2.1.0/resilience4j-annotations-2.1.0.jar:/home/dragos/.m2/repository/io/github/resilience4j/resilience4j-consumer/2.1.0/resilience4j-consumer-2.1.0.jar:/home/dragos/.m2/repository/io/github/resilience4j/resilience4j-circularbuffer/2.1.0/resilience4j-circularbuffer-2.1.0.jar:/home/dragos/.m2/repository/io/github/resilience4j/resilience4j-framework-common/2.1.0/resilience4j-framework-common-2.1.0.jar:/home/dragos/.m2/repository/io/github/resilience4j/resilience4j-micrometer/2.1.0/resilience4j-micrometer-2.1.0.jar:/home/dragos/.m2/repository/io/github/resilience4j/resilience4j-retry/2.1.0/resilience4j-retry-2.1.0.jar:/home/dragos/.m2/repository/io/github/resilience4j/resilience4j-ratelimiter/2.1.0/resilience4j-ratelimiter-2.1.0.jar:/home/dragos/.m2/repository/io/github/resilience4j/resilience4j-circuitbreaker/2.1.0/resilience4j-circuitbreaker-2.1.0.jar:/home/dragos/.m2/repository/io/github/resilience4j/resilience4j-core/2.1.0/resilience4j-core-2.1.0.jar:/home/dragos/.m2/repository/org/slf4j/slf4j-api/2.0.13/slf4j-api-2.0.13.jar:/home/dragos/.m2/repository/io/github/resilience4j/resilience4j-timelimiter/2.1.0/resilience4j-timelimiter-2.1.0.jar:/home/dragos/.m2/repository/org/springframework/boot/spring-boot-devtools/3.2.5/spring-boot-devtools-3.2.5.jar:/home/dragos/.m2/repository/org/springframework/boot/spring-boot/3.2.5/spring-boot-3.2.5.jar:/home/dragos/.m2/repository/org/springframework/boot/spring-boot-autoconfigure/3.2.5/spring-boot-autoconfigure-3.2.5.jar:/home/dragos/.m2/repository/org/springframework/boot/spring-boot-docker-compose/3.2.5/spring-boot-docker-compose-3.2.5.jar:/home/dragos/.m2/repository/com/fasterxml/jackson/core/jackson-databind/2.15.4/jackson-databind-2.15.4.jar:/home/dragos/.m2/repository/com/fasterxml/jackson/core/jackson-annotations/2.15.4/jackson-annotations-2.15.4.jar:/home/dragos/.m2/repository/com/fasterxml/jackson/core/jackson-core/2.15.4/jackson-core-2.15.4.jar:/home/dragos/.m2/repository/com/fasterxml/jackson/module/jackson-module-parameter-names/2.15.4/jackson-module-parameter-names-2.15.4.jar:/home/dragos/.m2/repository/io/micrometer/micrometer-registry-prometheus/1.12.5/micrometer-registry-prometheus-1.12.5.jar:/home/dragos/.m2/repository/io/micrometer/micrometer-core/1.12.5/micrometer-core-1.12.5.jar:/home/dragos/.m2/repository/io/micrometer/micrometer-commons/1.12.5/micrometer-commons-1.12.5.jar:/home/dragos/.m2/repository/org/hdrhistogram/HdrHistogram/2.1.12/HdrHistogram-2.1.12.jar:/home/dragos/.m2/repository/org/latencyutils/LatencyUtils/2.0.3/LatencyUtils-2.0.3.jar:/home/dragos/.m2/repository/io/prometheus/simpleclient_common/0.16.0/simpleclient_common-0.16.0.jar:/home/dragos/.m2/repository/io/prometheus/simpleclient/0.16.0/simpleclient-0.16.0.jar:/home/dragos/.m2/repository/io/prometheus/simpleclient_tracer_otel/0.16.0/simpleclient_tracer_otel-0.16.0.jar:/home/dragos/.m2/repository/io/prometheus/simpleclient_tracer_common/0.16.0/simpleclient_tracer_common-0.16.0.jar:/home/dragos/.m2/repository/io/prometheus/simpleclient_tracer_otel_agent/0.16.0/simpleclient_tracer_otel_agent-0.16.0.jar:/home/dragos/.m2/repository/org/springframework/boot/spring-boot-configuration-processor/3.2.5/spring-boot-configuration-processor-3.2.5.jar:/home/dragos/.m2/repository/org/projectlombok/lombok/1.18.32/lombok-1.18.32.jar:/home/dragos/.m2/repository/org/springframework/boot/spring-boot-starter-test/3.2.5/spring-boot-starter-test-3.2.5.jar:/home/dragos/.m2/repository/org/springframework/boot/spring-boot-test/3.2.5/spring-boot-test-3.2.5.jar:/home/dragos/.m2/repository/org/springframework/boot/spring-boot-test-autoconfigure/3.2.5/spring-boot-test-autoconfigure-3.2.5.jar:/home/dragos/.m2/repository/com/jayway/jsonpath/json-path/2.9.0/json-path-2.9.0.jar:/home/dragos/.m2/repository/jakarta/xml/bind/jakarta.xml.bind-api/4.0.2/jakarta.xml.bind-api-4.0.2.jar:/home/dragos/.m2/repository/jakarta/activation/jakarta.activation-api/2.1.3/jakarta.activation-api-2.1.3.jar:/home/dragos/.m2/repository/net/minidev/json-smart/2.5.1/json-smart-2.5.1.jar:/home/dragos/.m2/repository/net/minidev/accessors-smart/2.5.1/accessors-smart-2.5.1.jar:/home/dragos/.m2/repository/org/ow2/asm/asm/9.6/asm-9.6.jar:/home/dragos/.m2/repository/org/assertj/assertj-core/3.24.2/assertj-core-3.24.2.jar:/home/dragos/.m2/repository/net/bytebuddy/byte-buddy/1.14.13/byte-buddy-1.14.13.jar:/home/dragos/.m2/repository/org/awaitility/awaitility/4.2.1/awaitility-4.2.1.jar:/home/dragos/.m2/repository/org/hamcrest/hamcrest/2.2/hamcrest-2.2.jar:/home/dragos/.m2/repository/org/junit/jupiter/junit-jupiter/5.10.2/junit-jupiter-5.10.2.jar:/home/dragos/.m2/repository/org/junit/jupiter/junit-jupiter-api/5.10.2/junit-jupiter-api-5.10.2.jar:/home/dragos/.m2/repository/org/opentest4j/opentest4j/1.3.0/opentest4j-1.3.0.jar:/home/dragos/.m2/repository/org/junit/platform/junit-platform-commons/1.10.2/junit-platform-commons-1.10.2.jar:/home/dragos/.m2/repository/org/apiguardian/apiguardian-api/1.1.2/apiguardian-api-1.1.2.jar:/home/dragos/.m2/repository/org/junit/jupiter/junit-jupiter-params/5.10.2/junit-jupiter-params-5.10.2.jar:/home/dragos/.m2/repository/org/junit/jupiter/junit-jupiter-engine/5.10.2/junit-jupiter-engine-5.10.2.jar:/home/dragos/.m2/repository/org/junit/platform/junit-platform-engine/1.10.2/junit-platform-engine-1.10.2.jar:/home/dragos/.m2/repository/org/mockito/mockito-core/5.7.0/mockito-core-5.7.0.jar:/home/dragos/.m2/repository/net/bytebuddy/byte-buddy-agent/1.14.13/byte-buddy-agent-1.14.13.jar:/home/dragos/.m2/repository/org/objenesis/objenesis/3.3/objenesis-3.3.jar:/home/dragos/.m2/repository/org/mockito/mockito-junit-jupiter/5.7.0/mockito-junit-jupiter-5.7.0.jar:/home/dragos/.m2/repository/org/skyscreamer/jsonassert/1.5.1/jsonassert-1.5.1.jar:/home/dragos/.m2/repository/com/vaadin/external/google/android-json/0.0.20131108.vaadin1/android-json-0.0.20131108.vaadin1.jar:/home/dragos/.m2/repository/org/springframework/spring-core/6.1.6/spring-core-6.1.6.jar:/home/dragos/.m2/repository/org/springframework/spring-jcl/6.1.6/spring-jcl-6.1.6.jar:/home/dragos/.m2/repository/org/springframework/spring-test/6.1.6/spring-test-6.1.6.jar:/home/dragos/.m2/repository/org/xmlunit/xmlunit-core/2.9.1/xmlunit-core-2.9.1.jar:/home/dragos/.m2/repository/org/springframework/boot/spring-boot-testcontainers/3.2.5/spring-boot-testcontainers-3.2.5.jar:/home/dragos/.m2/repository/org/testcontainers/testcontainers/1.19.7/testcontainers-1.19.7.jar:/home/dragos/.m2/repository/junit/junit/4.13.2/junit-4.13.2.jar:/home/dragos/.m2/repository/org/hamcrest/hamcrest-core/2.2/hamcrest-core-2.2.jar:/home/dragos/.m2/repository/org/apache/commons/commons-compress/1.24.0/commons-compress-1.24.0.jar:/home/dragos/.m2/repository/org/rnorth/duct-tape/duct-tape/1.0.8/duct-tape-1.0.8.jar:/home/dragos/.m2/repository/org/jetbrains/annotations/17.0.0/annotations-17.0.0.jar:/home/dragos/.m2/repository/com/github/docker-java/docker-java-api/3.3.6/docker-java-api-3.3.6.jar:/home/dragos/.m2/repository/com/github/docker-java/docker-java-transport-zerodep/3.3.6/docker-java-transport-zerodep-3.3.6.jar:/home/dragos/.m2/repository/com/github/docker-java/docker-java-transport/3.3.6/docker-java-transport-3.3.6.jar:/home/dragos/.m2/repository/net/java/dev/jna/jna/5.13.0/jna-5.13.0.jar:/home/dragos/.m2/repository/org/testcontainers/junit-jupiter/1.19.7/junit-jupiter-1.19.7.jar:"/>
    <property name="java.vm.vendor" value="Private Build"/>
    <property name="sun.arch.data.model" value="64"/>
    <property name="java.vendor.url" value="Unknown"/>
    <property name="user.timezone" value="Europe/Brussels"/>
    <property name="os.name" value="Linux"/>
    <property name="java.vm.specification.version" value="17"/>
    <property name="sun.java.launcher" value="SUN_STANDARD"/>
    <property name="user.country" value="US"/>
    <property name="sun.boot.library.path" value="/usr/lib/jvm/java-17-openjdk-amd64/lib"/>
    <property name="sun.java.command" value="/home/dragos/work/sandbox/spring-boot-cucumber/service/target/surefire/surefirebooter-20240513235119553_3.jar /home/dragos/work/sandbox/spring-boot-cucumber/service/target/surefire 2024-05-13T23-51-18_573-jvmRun1 surefire-20240513235119553_1tmp surefire_0-20240513235119553_2tmp"/>
    <property name="jdk.debug" value="release"/>
    <property name="surefire.test.class.path" value="/home/dragos/work/sandbox/spring-boot-cucumber/service/target/test-classes:/home/dragos/work/sandbox/spring-boot-cucumber/service/target/classes:/home/dragos/.m2/repository/org/springframework/boot/spring-boot-starter-web/3.2.5/spring-boot-starter-web-3.2.5.jar:/home/dragos/.m2/repository/org/springframework/boot/spring-boot-starter/3.2.5/spring-boot-starter-3.2.5.jar:/home/dragos/.m2/repository/org/springframework/boot/spring-boot-starter-logging/3.2.5/spring-boot-starter-logging-3.2.5.jar:/home/dragos/.m2/repository/ch/qos/logback/logback-classic/1.4.14/logback-classic-1.4.14.jar:/home/dragos/.m2/repository/ch/qos/logback/logback-core/1.4.14/logback-core-1.4.14.jar:/home/dragos/.m2/repository/org/apache/logging/log4j/log4j-to-slf4j/2.21.1/log4j-to-slf4j-2.21.1.jar:/home/dragos/.m2/repository/org/apache/logging/log4j/log4j-api/2.21.1/log4j-api-2.21.1.jar:/home/dragos/.m2/repository/org/slf4j/jul-to-slf4j/2.0.13/jul-to-slf4j-2.0.13.jar:/home/dragos/.m2/repository/jakarta/annotation/jakarta.annotation-api/2.1.1/jakarta.annotation-api-2.1.1.jar:/home/dragos/.m2/repository/org/yaml/snakeyaml/2.2/snakeyaml-2.2.jar:/home/dragos/.m2/repository/org/springframework/boot/spring-boot-starter-json/3.2.5/spring-boot-starter-json-3.2.5.jar:/home/dragos/.m2/repository/com/fasterxml/jackson/datatype/jackson-datatype-jdk8/2.15.4/jackson-datatype-jdk8-2.15.4.jar:/home/dragos/.m2/repository/com/fasterxml/jackson/datatype/jackson-datatype-jsr310/2.15.4/jackson-datatype-jsr310-2.15.4.jar:/home/dragos/.m2/repository/org/springframework/boot/spring-boot-starter-tomcat/3.2.5/spring-boot-starter-tomcat-3.2.5.jar:/home/dragos/.m2/repository/org/apache/tomcat/embed/tomcat-embed-core/10.1.20/tomcat-embed-core-10.1.20.jar:/home/dragos/.m2/repository/org/apache/tomcat/embed/tomcat-embed-el/10.1.20/tomcat-embed-el-10.1.20.jar:/home/dragos/.m2/repository/org/apache/tomcat/embed/tomcat-embed-websocket/10.1.20/tomcat-embed-websocket-10.1.20.jar:/home/dragos/.m2/repository/org/springframework/spring-web/6.1.6/spring-web-6.1.6.jar:/home/dragos/.m2/repository/org/springframework/spring-beans/6.1.6/spring-beans-6.1.6.jar:/home/dragos/.m2/repository/io/micrometer/micrometer-observation/1.12.5/micrometer-observation-1.12.5.jar:/home/dragos/.m2/repository/org/springframework/spring-webmvc/6.1.6/spring-webmvc-6.1.6.jar:/home/dragos/.m2/repository/org/springframework/spring-aop/6.1.6/spring-aop-6.1.6.jar:/home/dragos/.m2/repository/org/springframework/spring-context/6.1.6/spring-context-6.1.6.jar:/home/dragos/.m2/repository/org/springframework/spring-expression/6.1.6/spring-expression-6.1.6.jar:/home/dragos/.m2/repository/org/springframework/cloud/spring-cloud-starter-circuitbreaker-resilience4j/3.1.1/spring-cloud-starter-circuitbreaker-resilience4j-3.1.1.jar:/home/dragos/.m2/repository/org/springframework/cloud/spring-cloud-starter/4.1.2/spring-cloud-starter-4.1.2.jar:/home/dragos/.m2/repository/org/springframework/cloud/spring-cloud-context/4.1.2/spring-cloud-context-4.1.2.jar:/home/dragos/.m2/repository/org/springframework/security/spring-security-crypto/6.2.4/spring-security-crypto-6.2.4.jar:/home/dragos/.m2/repository/org/springframework/cloud/spring-cloud-commons/4.1.2/spring-cloud-commons-4.1.2.jar:/home/dragos/.m2/repository/org/springframework/security/spring-security-rsa/1.1.2/spring-security-rsa-1.1.2.jar:/home/dragos/.m2/repository/org/bouncycastle/bcprov-jdk18on/1.77/bcprov-jdk18on-1.77.jar:/home/dragos/.m2/repository/org/springframework/cloud/spring-cloud-circuitbreaker-resilience4j/3.1.1/spring-cloud-circuitbreaker-resilience4j-3.1.1.jar:/home/dragos/.m2/repository/io/github/resilience4j/resilience4j-spring-boot3/2.1.0/resilience4j-spring-boot3-2.1.0.jar:/home/dragos/.m2/repository/io/github/resilience4j/resilience4j-spring6/2.1.0/resilience4j-spring6-2.1.0.jar:/home/dragos/.m2/repository/io/github/resilience4j/resilience4j-annotations/2.1.0/resilience4j-annotations-2.1.0.jar:/home/dragos/.m2/repository/io/github/resilience4j/resilience4j-consumer/2.1.0/resilience4j-consumer-2.1.0.jar:/home/dragos/.m2/repository/io/github/resilience4j/resilience4j-circularbuffer/2.1.0/resilience4j-circularbuffer-2.1.0.jar:/home/dragos/.m2/repository/io/github/resilience4j/resilience4j-framework-common/2.1.0/resilience4j-framework-common-2.1.0.jar:/home/dragos/.m2/repository/io/github/resilience4j/resilience4j-micrometer/2.1.0/resilience4j-micrometer-2.1.0.jar:/home/dragos/.m2/repository/io/github/resilience4j/resilience4j-retry/2.1.0/resilience4j-retry-2.1.0.jar:/home/dragos/.m2/repository/io/github/resilience4j/resilience4j-ratelimiter/2.1.0/resilience4j-ratelimiter-2.1.0.jar:/home/dragos/.m2/repository/io/github/resilience4j/resilience4j-circuitbreaker/2.1.0/resilience4j-circuitbreaker-2.1.0.jar:/home/dragos/.m2/repository/io/github/resilience4j/resilience4j-core/2.1.0/resilience4j-core-2.1.0.jar:/home/dragos/.m2/repository/org/slf4j/slf4j-api/2.0.13/slf4j-api-2.0.13.jar:/home/dragos/.m2/repository/io/github/resilience4j/resilience4j-timelimiter/2.1.0/resilience4j-timelimiter-2.1.0.jar:/home/dragos/.m2/repository/org/springframework/boot/spring-boot-devtools/3.2.5/spring-boot-devtools-3.2.5.jar:/home/dragos/.m2/repository/org/springframework/boot/spring-boot/3.2.5/spring-boot-3.2.5.jar:/home/dragos/.m2/repository/org/springframework/boot/spring-boot-autoconfigure/3.2.5/spring-boot-autoconfigure-3.2.5.jar:/home/dragos/.m2/repository/org/springframework/boot/spring-boot-docker-compose/3.2.5/spring-boot-docker-compose-3.2.5.jar:/home/dragos/.m2/repository/com/fasterxml/jackson/core/jackson-databind/2.15.4/jackson-databind-2.15.4.jar:/home/dragos/.m2/repository/com/fasterxml/jackson/core/jackson-annotations/2.15.4/jackson-annotations-2.15.4.jar:/home/dragos/.m2/repository/com/fasterxml/jackson/core/jackson-core/2.15.4/jackson-core-2.15.4.jar:/home/dragos/.m2/repository/com/fasterxml/jackson/module/jackson-module-parameter-names/2.15.4/jackson-module-parameter-names-2.15.4.jar:/home/dragos/.m2/repository/io/micrometer/micrometer-registry-prometheus/1.12.5/micrometer-registry-prometheus-1.12.5.jar:/home/dragos/.m2/repository/io/micrometer/micrometer-core/1.12.5/micrometer-core-1.12.5.jar:/home/dragos/.m2/repository/io/micrometer/micrometer-commons/1.12.5/micrometer-commons-1.12.5.jar:/home/dragos/.m2/repository/org/hdrhistogram/HdrHistogram/2.1.12/HdrHistogram-2.1.12.jar:/home/dragos/.m2/repository/org/latencyutils/LatencyUtils/2.0.3/LatencyUtils-2.0.3.jar:/home/dragos/.m2/repository/io/prometheus/simpleclient_common/0.16.0/simpleclient_common-0.16.0.jar:/home/dragos/.m2/repository/io/prometheus/simpleclient/0.16.0/simpleclient-0.16.0.jar:/home/dragos/.m2/repository/io/prometheus/simpleclient_tracer_otel/0.16.0/simpleclient_tracer_otel-0.16.0.jar:/home/dragos/.m2/repository/io/prometheus/simpleclient_tracer_common/0.16.0/simpleclient_tracer_common-0.16.0.jar:/home/dragos/.m2/repository/io/prometheus/simpleclient_tracer_otel_agent/0.16.0/simpleclient_tracer_otel_agent-0.16.0.jar:/home/dragos/.m2/repository/org/springframework/boot/spring-boot-configuration-processor/3.2.5/spring-boot-configuration-processor-3.2.5.jar:/home/dragos/.m2/repository/org/projectlombok/lombok/1.18.32/lombok-1.18.32.jar:/home/dragos/.m2/repository/org/springframework/boot/spring-boot-starter-test/3.2.5/spring-boot-starter-test-3.2.5.jar:/home/dragos/.m2/repository/org/springframework/boot/spring-boot-test/3.2.5/spring-boot-test-3.2.5.jar:/home/dragos/.m2/repository/org/springframework/boot/spring-boot-test-autoconfigure/3.2.5/spring-boot-test-autoconfigure-3.2.5.jar:/home/dragos/.m2/repository/com/jayway/jsonpath/json-path/2.9.0/json-path-2.9.0.jar:/home/dragos/.m2/repository/jakarta/xml/bind/jakarta.xml.bind-api/4.0.2/jakarta.xml.bind-api-4.0.2.jar:/home/dragos/.m2/repository/jakarta/activation/jakarta.activation-api/2.1.3/jakarta.activation-api-2.1.3.jar:/home/dragos/.m2/repository/net/minidev/json-smart/2.5.1/json-smart-2.5.1.jar:/home/dragos/.m2/repository/net/minidev/accessors-smart/2.5.1/accessors-smart-2.5.1.jar:/home/dragos/.m2/repository/org/ow2/asm/asm/9.6/asm-9.6.jar:/home/dragos/.m2/repository/org/assertj/assertj-core/3.24.2/assertj-core-3.24.2.jar:/home/dragos/.m2/repository/net/bytebuddy/byte-buddy/1.14.13/byte-buddy-1.14.13.jar:/home/dragos/.m2/repository/org/awaitility/awaitility/4.2.1/awaitility-4.2.1.jar:/home/dragos/.m2/repository/org/hamcrest/hamcrest/2.2/hamcrest-2.2.jar:/home/dragos/.m2/repository/org/junit/jupiter/junit-jupiter/5.10.2/junit-jupiter-5.10.2.jar:/home/dragos/.m2/repository/org/junit/jupiter/junit-jupiter-api/5.10.2/junit-jupiter-api-5.10.2.jar:/home/dragos/.m2/repository/org/opentest4j/opentest4j/1.3.0/opentest4j-1.3.0.jar:/home/dragos/.m2/repository/org/junit/platform/junit-platform-commons/1.10.2/junit-platform-commons-1.10.2.jar:/home/dragos/.m2/repository/org/apiguardian/apiguardian-api/1.1.2/apiguardian-api-1.1.2.jar:/home/dragos/.m2/repository/org/junit/jupiter/junit-jupiter-params/5.10.2/junit-jupiter-params-5.10.2.jar:/home/dragos/.m2/repository/org/junit/jupiter/junit-jupiter-engine/5.10.2/junit-jupiter-engine-5.10.2.jar:/home/dragos/.m2/repository/org/junit/platform/junit-platform-engine/1.10.2/junit-platform-engine-1.10.2.jar:/home/dragos/.m2/repository/org/mockito/mockito-core/5.7.0/mockito-core-5.7.0.jar:/home/dragos/.m2/repository/net/bytebuddy/byte-buddy-agent/1.14.13/byte-buddy-agent-1.14.13.jar:/home/dragos/.m2/repository/org/objenesis/objenesis/3.3/objenesis-3.3.jar:/home/dragos/.m2/repository/org/mockito/mockito-junit-jupiter/5.7.0/mockito-junit-jupiter-5.7.0.jar:/home/dragos/.m2/repository/org/skyscreamer/jsonassert/1.5.1/jsonassert-1.5.1.jar:/home/dragos/.m2/repository/com/vaadin/external/google/android-json/0.0.20131108.vaadin1/android-json-0.0.20131108.vaadin1.jar:/home/dragos/.m2/repository/org/springframework/spring-core/6.1.6/spring-core-6.1.6.jar:/home/dragos/.m2/repository/org/springframework/spring-jcl/6.1.6/spring-jcl-6.1.6.jar:/home/dragos/.m2/repository/org/springframework/spring-test/6.1.6/spring-test-6.1.6.jar:/home/dragos/.m2/repository/org/xmlunit/xmlunit-core/2.9.1/xmlunit-core-2.9.1.jar:/home/dragos/.m2/repository/org/springframework/boot/spring-boot-testcontainers/3.2.5/spring-boot-testcontainers-3.2.5.jar:/home/dragos/.m2/repository/org/testcontainers/testcontainers/1.19.7/testcontainers-1.19.7.jar:/home/dragos/.m2/repository/junit/junit/4.13.2/junit-4.13.2.jar:/home/dragos/.m2/repository/org/hamcrest/hamcrest-core/2.2/hamcrest-core-2.2.jar:/home/dragos/.m2/repository/org/apache/commons/commons-compress/1.24.0/commons-compress-1.24.0.jar:/home/dragos/.m2/repository/org/rnorth/duct-tape/duct-tape/1.0.8/duct-tape-1.0.8.jar:/home/dragos/.m2/repository/org/jetbrains/annotations/17.0.0/annotations-17.0.0.jar:/home/dragos/.m2/repository/com/github/docker-java/docker-java-api/3.3.6/docker-java-api-3.3.6.jar:/home/dragos/.m2/repository/com/github/docker-java/docker-java-transport-zerodep/3.3.6/docker-java-transport-zerodep-3.3.6.jar:/home/dragos/.m2/repository/com/github/docker-java/docker-java-transport/3.3.6/docker-java-transport-3.3.6.jar:/home/dragos/.m2/repository/net/java/dev/jna/jna/5.13.0/jna-5.13.0.jar:/home/dragos/.m2/repository/org/testcontainers/junit-jupiter/1.19.7/junit-jupiter-1.19.7.jar:"/>
    <property name="sun.cpu.endian" value="little"/>
    <property name="user.home" value="/home/dragos"/>
    <property name="user.language" value="en"/>
    <property name="java.specification.vendor" value="Oracle Corporation"/>
    <property name="java.version.date" value="2024-01-16"/>
    <property name="java.home" value="/usr/lib/jvm/java-17-openjdk-amd64"/>
    <property name="file.separator" value="/"/>
    <property name="basedir" value="/home/dragos/work/sandbox/spring-boot-cucumber/service"/>
    <property name="java.vm.compressedOopsMode" value="Zero based"/>
    <property name="line.separator" value="&#10;"/>
    <property name="java.specification.name" value="Java Platform API Specification"/>
    <property name="java.vm.specification.vendor" value="Oracle Corporation"/>
    <property name="FILE_LOG_CHARSET" value="UTF-8"/>
    <property name="java.awt.headless" value="true"/>
    <property name="surefire.real.class.path" value="/home/dragos/work/sandbox/spring-boot-cucumber/service/target/surefire/surefirebooter-20240513235119553_3.jar"/>
    <property name="sun.management.compiler" value="HotSpot 64-Bit Tiered Compilers"/>
    <property name="java.runtime.version" value="17.0.10+7-Ubuntu-123.10.1"/>
    <property name="user.name" value="dragos"/>
    <property name="path.separator" value=":"/>
    <property name="os.version" value="6.5.0-28-generic"/>
    <property name="java.runtime.name" value="OpenJDK Runtime Environment"/>
    <property name="file.encoding" value="UTF-8"/>
    <property name="java.vm.name" value="OpenJDK 64-Bit Server VM"/>
    <property name="localRepository" value="/home/dragos/.m2/repository"/>
    <property name="java.vendor.url.bug" value="Unknown"/>
    <property name="java.io.tmpdir" value="/tmp"/>
    <property name="java.version" value="17.0.10"/>
    <property name="user.dir" value="/home/dragos/work/sandbox/spring-boot-cucumber/service"/>
    <property name="os.arch" value="amd64"/>
    <property name="java.vm.specification.name" value="Java Virtual Machine Specification"/>
    <property name="PID" value="24196"/>
    <property name="CONSOLE_LOG_CHARSET" value="UTF-8"/>
    <property name="native.encoding" value="UTF-8"/>
    <property name="java.library.path" value="/usr/java/packages/lib:/usr/lib/x86_64-linux-gnu/jni:/lib/x86_64-linux-gnu:/usr/lib/x86_64-linux-gnu:/usr/lib/jni:/lib:/usr/lib"/>
    <property name="java.vm.info" value="mixed mode, sharing"/>
    <property name="java.vendor" value="Private Build"/>
    <property name="java.vm.version" value="17.0.10+7-Ubuntu-123.10.1"/>
    <property name="sun.io.unicode.encoding" value="UnicodeLittle"/>
    <property name="java.class.version" value="61.0"/>
    <property name="LOGGED_APPLICATION_NAME" value="[service] "/>
  </properties>
  <testcase name="contextLoads" classname="com.bit.factor.service.ServiceApplicationTests" time="0.835">
    <system-out><![CDATA[23:51:20.333 [main] INFO org.springframework.test.context.support.AnnotationConfigContextLoaderUtils -- Could not detect default configuration classes for test class [com.bit.factor.service.ServiceApplicationTests]: ServiceApplicationTests does not declare any static, non-private, non-final, nested classes annotated with @Configuration.
23:51:20.483 [main] INFO org.springframework.boot.test.context.SpringBootTestContextBootstrapper -- Found @SpringBootConfiguration com.bit.factor.service.ServiceApplication for test class com.bit.factor.service.ServiceApplicationTests
23:51:20.643 [main] INFO org.springframework.boot.devtools.restart.RestartApplicationListener -- Restart disabled due to context in which it is running

  .   ____          _            __ _ _
 /\\ / ___'_ __ _ _(_)_ __  __ _ \ \ \ \
( ( )\___ | '_ | '_| | '_ \/ _` | \ \ \ \
 \\/  ___)| |_)| | | | | || (_| |  ) ) ) )
  '  |____| .__|_| |_|_| |_\__, | / / / /
 =========|_|==============|___/=/_/_/_/
 :: Spring Boot ::                (v3.2.5)

2024-05-13T23:51:20.971+02:00  INFO 24196 --- [service] [           main] c.b.f.service.ServiceApplicationTests    : Starting ServiceApplicationTests using Java 17.0.10 with PID 24196 (started by dragos in /home/dragos/work/sandbox/spring-boot-cucumber/service)
2024-05-13T23:51:20.973+02:00  INFO 24196 --- [service] [           main] c.b.f.service.ServiceApplicationTests    : No active profile set, falling back to 1 default profile: "default"
2024-05-13T23:51:21.823+02:00  INFO 24196 --- [service] [           main] o.s.cloud.context.scope.GenericScope     : BeanFactory id=f6f68d53-fb93-3e9e-92f9-6540d12697c1
2024-05-13T23:51:22.437+02:00  INFO 24196 --- [service] [           main] c.b.f.service.ServiceApplicationTests    : Started ServiceApplicationTests in 1.809 seconds (process running for 2.837)
]]></system-out>
  </testcase>
</testsuite>